Determining if the pthread_create exist failed with the following output:
Change Dir: /home/wuxd/ClionProjects/wHttpServer/build/CMakeFiles/CMakeTmp

Run Build Command:"/usr/bin/make" "cmTC_a85f7/fast"
/usr/bin/make -f CMakeFiles/cmTC_a85f7.dir/build.make CMakeFiles/cmTC_a85f7.dir/build
make[1]: Entering directory '/home/wuxd/ClionProjects/wHttpServer/build/CMakeFiles/CMakeTmp'
Building C object CMakeFiles/cmTC_a85f7.dir/CheckSymbolExists.c.o
/usr/bin/cc     -o CMakeFiles/cmTC_a85f7.dir/CheckSymbolExists.c.o   -c /home/wuxd/ClionProjects/wHttpServer/build/CMakeFiles/CMakeTmp/CheckSymbolExists.c
Linking C executable cmTC_a85f7
/usr/bin/cmake -E cmake_link_script CMakeFiles/cmTC_a85f7.dir/link.txt --verbose=1
/usr/bin/cc       CMakeFiles/cmTC_a85f7.dir/CheckSymbolExists.c.o  -o cmTC_a85f7 
CMakeFiles/cmTC_a85f7.dir/CheckSymbolExists.c.o：在函数‘main’中：
CheckSymbolExists.c:(.text+0xa)：对‘pthread_create’未定义的引用
collect2: error: ld returned 1 exit status
CMakeFiles/cmTC_a85f7.dir/build.make:97: recipe for target 'cmTC_a85f7' failed
make[1]: *** [cmTC_a85f7] Error 1
make[1]: Leaving directory '/home/wuxd/ClionProjects/wHttpServer/build/CMakeFiles/CMakeTmp'
Makefile:126: recipe for target 'cmTC_a85f7/fast' failed
make: *** [cmTC_a85f7/fast] Error 2

File /home/wuxd/ClionProjects/wHttpServer/build/CMakeFiles/CMakeTmp/CheckSymbolExists.c:
/* */
#include <pthread.h>

int main(int argc, char** argv)
{
  (void)argv;
#ifndef pthread_create
  return ((int*)(&pthread_create))[argc];
#else
  (void)argc;
  return 0;
#endif
}

Determining if the function pthread_create exists in the pthreads failed with the following output:
Change Dir: /home/wuxd/ClionProjects/wHttpServer/build/CMakeFiles/CMakeTmp

Run Build Command:"/usr/bin/make" "cmTC_a12cb/fast"
/usr/bin/make -f CMakeFiles/cmTC_a12cb.dir/build.make CMakeFiles/cmTC_a12cb.dir/build
make[1]: Entering directory '/home/wuxd/ClionProjects/wHttpServer/build/CMakeFiles/CMakeTmp'
Building C object CMakeFiles/cmTC_a12cb.dir/CheckFunctionExists.c.o
/usr/bin/cc    -DCHECK_FUNCTION_EXISTS=pthread_create   -o CMakeFiles/cmTC_a12cb.dir/CheckFunctionExists.c.o   -c /usr/share/cmake-3.5/Modules/CheckFunctionExists.c
Linking C executable cmTC_a12cb
/usr/bin/cmake -E cmake_link_script CMakeFiles/cmTC_a12cb.dir/link.txt --verbose=1
/usr/bin/cc   -DCHECK_FUNCTION_EXISTS=pthread_create    CMakeFiles/cmTC_a12cb.dir/CheckFunctionExists.c.o  -o cmTC_a12cb -lpthreads 
/usr/bin/ld: 找不到 -lpthreads
collect2: error: ld returned 1 exit status
CMakeFiles/cmTC_a12cb.dir/build.make:97: recipe for target 'cmTC_a12cb' failed
make[1]: *** [cmTC_a12cb] Error 1
make[1]: Leaving directory '/home/wuxd/ClionProjects/wHttpServer/build/CMakeFiles/CMakeTmp'
Makefile:126: recipe for target 'cmTC_a12cb/fast' failed
make: *** [cmTC_a12cb/fast] Error 2


